{
  "stats": {
    "suites": 1,
    "tests": 1,
    "passes": 1,
    "pending": 0,
    "failures": 0,
    "start": "2023-04-19T06:47:06.946Z",
    "end": "2023-04-19T06:47:26.324Z",
    "duration": 19378,
    "testsRegistered": 1,
    "passPercent": 100,
    "pendingPercent": 0,
    "other": 0,
    "hasOther": false,
    "skipped": 0,
    "hasSkipped": false
  },
  "results": [
    {
      "uuid": "02fe2486-50b2-4537-90ae-4ea3a21022c7",
      "title": "",
      "fullFile": "cypress/e2e/Assignments/Assignment 6.2.cy.js",
      "file": "cypress/e2e/Assignments/Assignment 6.2.cy.js",
      "beforeHooks": [],
      "afterHooks": [],
      "tests": [],
      "suites": [
        {
          "uuid": "3baa5e81-e632-4e30-882f-ecdba9c5c385",
          "title": "Assignment 6.2",
          "fullFile": "",
          "file": "",
          "beforeHooks": [],
          "afterHooks": [],
          "tests": [
            {
              "title": "Handling Web Tables",
              "fullTitle": "Assignment 6.2 Handling Web Tables",
              "timedOut": null,
              "duration": 9142,
              "state": "passed",
              "speed": "medium",
              "pass": true,
              "fail": false,
              "pending": false,
              "context": null,
              "code": "cy.visit('http://www.dezlearn.com/webtable-example/');\ncy.xpath('//table[@class=\"tg\"]/tbody/tr').should('have.length', 7);\ncy.xpath('//table[@class=\"tg\"]/tbody/tr/th').should('have.length', 6);\ncy.xpath('//table[@class=\"tg\"]/tbody/tr[3]/td[1]').should('have.text', 'Mayur Deshmukh');\ncy.xpath('//table[@class=\"tg\"]/tbody/tr[3]/td[3]/input').check();\ncy.xpath('//table[@class=\"tg\"]/tbody/tr[3]/td[4]/input').check();\ncy.xpath('//table[@class=\"tg\"]/tbody/tr[3]/td[5]').click({\n  force: true\n});\ncy.xpath('//table[@class=\"tg\"]/tbody/tr[3]/td[5]/select/option[4]').click({\n  force: true\n});\ncy.xpath('//table[@class=\"tg\"]/tbody/tr[3]/td[6]/input').type('Cricket');",
              "err": {},
              "uuid": "1ef7041b-fe4f-4ebe-980d-46820acce7b8",
              "parentUUID": "3baa5e81-e632-4e30-882f-ecdba9c5c385",
              "isHook": false,
              "skipped": false
            }
          ],
          "suites": [],
          "passes": [
            "1ef7041b-fe4f-4ebe-980d-46820acce7b8"
          ],
          "failures": [],
          "pending": [],
          "skipped": [],
          "duration": 9142,
          "root": false,
          "rootEmpty": false,
          "_timeout": 2000
        }
      ],
      "passes": [],
      "failures": [],
      "pending": [],
      "skipped": [],
      "duration": 0,
      "root": true,
      "rootEmpty": true,
      "_timeout": 2000
    }
  ],
  "meta": {
    "mocha": {
      "version": "7.0.1"
    },
    "mochawesome": {
      "options": {
        "quiet": false,
        "reportFilename": "mochawesome",
        "saveHtml": false,
        "saveJson": true,
        "consoleReporter": "spec",
        "useInlineDiffs": false,
        "code": true
      },
      "version": "7.1.3"
    },
    "marge": {
      "options": {
        "overwrite": false,
        "html": false,
        "json": true,
        "reportDir": "cypress/reports/html/.jsons"
      },
      "version": "6.2.0"
    }
  }
}