{
  "stats": {
    "suites": 1,
    "tests": 2,
    "passes": 2,
    "pending": 0,
    "failures": 0,
    "start": "2023-04-19T06:46:46.642Z",
    "end": "2023-04-19T06:46:46.688Z",
    "duration": 46,
    "testsRegistered": 2,
    "passPercent": 100,
    "pendingPercent": 0,
    "other": 0,
    "hasOther": false,
    "skipped": 0,
    "hasSkipped": false
  },
  "results": [
    {
      "uuid": "1ab8c31a-4b92-4df7-9a67-d7a0f319cf8e",
      "title": "",
      "fullFile": "cypress/e2e/Assignments/Assignment 5.2 .cy.js",
      "file": "cypress/e2e/Assignments/Assignment 5.2 .cy.js",
      "beforeHooks": [],
      "afterHooks": [],
      "tests": [],
      "suites": [
        {
          "uuid": "1c331030-a1bc-4aee-914f-a304bd94f23b",
          "title": "Window Handling And Iframes",
          "fullFile": "",
          "file": "",
          "beforeHooks": [],
          "afterHooks": [],
          "tests": [
            {
              "title": "Window Handling",
              "fullTitle": "Window Handling And Iframes Window Handling",
              "timedOut": null,
              "duration": 20,
              "state": "passed",
              "speed": "fast",
              "pass": true,
              "fail": false,
              "pending": false,
              "context": null,
              "code": "",
              "err": {},
              "uuid": "98c39580-689a-477c-bb98-2a08f3fd58c7",
              "parentUUID": "1c331030-a1bc-4aee-914f-a304bd94f23b",
              "isHook": false,
              "skipped": false
            },
            {
              "title": "Iframes",
              "fullTitle": "Window Handling And Iframes Iframes",
              "timedOut": null,
              "duration": 8,
              "state": "passed",
              "speed": "fast",
              "pass": true,
              "fail": false,
              "pending": false,
              "context": null,
              "code": "",
              "err": {},
              "uuid": "e3433242-2e76-41cb-ab12-af9d64c64118",
              "parentUUID": "1c331030-a1bc-4aee-914f-a304bd94f23b",
              "isHook": false,
              "skipped": false
            }
          ],
          "suites": [],
          "passes": [
            "98c39580-689a-477c-bb98-2a08f3fd58c7",
            "e3433242-2e76-41cb-ab12-af9d64c64118"
          ],
          "failures": [],
          "pending": [],
          "skipped": [],
          "duration": 28,
          "root": false,
          "rootEmpty": false,
          "_timeout": 2000
        }
      ],
      "passes": [],
      "failures": [],
      "pending": [],
      "skipped": [],
      "duration": 0,
      "root": true,
      "rootEmpty": true,
      "_timeout": 2000
    }
  ],
  "meta": {
    "mocha": {
      "version": "7.0.1"
    },
    "mochawesome": {
      "options": {
        "quiet": false,
        "reportFilename": "mochawesome",
        "saveHtml": false,
        "saveJson": true,
        "consoleReporter": "spec",
        "useInlineDiffs": false,
        "code": true
      },
      "version": "7.1.3"
    },
    "marge": {
      "options": {
        "overwrite": false,
        "html": false,
        "json": true,
        "reportDir": "cypress/reports/html/.jsons"
      },
      "version": "6.2.0"
    }
  }
}