{
  "stats": {
    "suites": 1,
    "tests": 1,
    "passes": 0,
    "pending": 0,
    "failures": 1,
    "start": "2023-04-19T06:43:07.810Z",
    "end": "2023-04-19T06:45:10.146Z",
    "duration": 122336,
    "testsRegistered": 1,
    "passPercent": 0,
    "pendingPercent": 0,
    "other": 0,
    "hasOther": false,
    "skipped": 0,
    "hasSkipped": false
  },
  "results": [
    {
      "uuid": "f307fa63-c524-4131-924a-2f5d05af96ba",
      "title": "",
      "fullFile": "cypress/e2e/Assignments/Assignment 4.1.cy.js",
      "file": "cypress/e2e/Assignments/Assignment 4.1.cy.js",
      "beforeHooks": [],
      "afterHooks": [],
      "tests": [],
      "suites": [
        {
          "uuid": "868eea4f-d0c1-4b66-b2db-13d2426a40f5",
          "title": "Assignment 4.1",
          "fullFile": "",
          "file": "",
          "beforeHooks": [],
          "afterHooks": [],
          "tests": [
            {
              "title": "Assertions",
              "fullTitle": "Assignment 4.1 Assertions",
              "timedOut": null,
              "duration": 120428,
              "state": "failed",
              "speed": null,
              "pass": false,
              "fail": true,
              "pending": false,
              "context": "{\n  \"title\": \"cypress-mochawesome-reporter-screenshots\",\n  \"value\": [\n    [\n      {\n        \"title\": \"Failed screenshot\",\n        \"value\": \"/Assignment 4.1.cy.js/Assignment 4.1 -- Assertions (failed).png\"\n      }\n    ]\n  ]\n}",
              "code": "cy.visit('https://www.tutorialspoint.com/selenium/selenium_automation_practice.htm');\n//Implicit Assertions\ncy.url().should('include', 'tutorialspoint').and('eq', 'https://www.tutorialspoint.com/selenium/selenium_automation_practice.htm');\ncy.url().should('include', 'www.tutorialspoint.com').should('contain', 'tutorialspoint').should('eq', 'https://www.tutorialspoint.com/selenium/selenium_automation_practice.htm');\n//Explicit Assertion\nlet ExpName = \"Webdriver Commands Example\";\ncy.get('#mainContent > :nth-child(7)').then(x => {\n  let actName = x.text();\n  //BDD Style\n  expect(actName).to.equal(ExpName);\n  //TDD style\n  assert.equal(ExpName, actName);\n});\ncy.get('#mainContent > :nth-child(1)').should('have.text', 'Selenium - Automation Practice Form');\ncy.get('[name=\"firstname\"]').type(\"Mahesh\");\ncy.get('[name=\"lastname\"]').type(\"Jain\");\ncy.get('[value=\"Male\"]').check();\ncy.get('[type=\"radio\"]').eq(7).click();\ncy.xpath('//table/tbody/tr[5]/td[2]//input[@type=\"text\"]').type(\"10 April 2023\");\ncy.get('[value=\"Manual Tester\"]').check();\ncy.get('[name=\"photo\"]').selectFile(\"/home/josh/Downloads/cypressdemo/cypress/fixtures/cartoon.jpeg\");\ncy.get('[type=\"checkbox\"]').check(['RC', 'Selenium IDE']);\n// cy.get('[value=\"RC\"]').check()\n// cy.get('[value=\"Selenium IDE\"]').check()\n// cy.get('[value=\"Selenium IDE\"]').uncheck()\ncy.get('[name=\"continents\"]').select('Australia');\ncy.get('[name=\"selenium_commands\"]').select('Switch Commands');\ncy.get('[name=\"submit\"]').click();",
              "err": {
                "message": "CypressError: Timed out after waiting `120000ms` for your remote page to load.\n\nYour page did not fire its `load` event within `120000ms`.\n\nYou can try increasing the `pageLoadTimeout` value in `cypress.config.js` to wait longer.\n\nBrowsers will not fire the `load` event until all stylesheets and scripts are done downloading.\n\nWhen this `load` event occurs, Cypress will continue running commands.",
                "estack": "CypressError: Timed out after waiting `120000ms` for your remote page to load.\n\nYour page did not fire its `load` event within `120000ms`.\n\nYou can try increasing the `pageLoadTimeout` value in `cypress.config.js` to wait longer.\n\nBrowsers will not fire the `load` event until all stylesheets and scripts are done downloading.\n\nWhen this `load` event occurs, Cypress will continue running commands.\n    at timedOutWaitingForPageLoad (https://www.tutorialspoint.com/__cypress/runner/cypress_runner.js:137295:72)\n    at <unknown> (https://www.tutorialspoint.com/__cypress/runner/cypress_runner.js:138269:16)\n    at tryCatcher (https://www.tutorialspoint.com/__cypress/runner/cypress_runner.js:8914:23)\n    at <unknown> (https://www.tutorialspoint.com/__cypress/runner/cypress_runner.js:4036:41)\n    at tryCatcher (https://www.tutorialspoint.com/__cypress/runner/cypress_runner.js:8914:23)\n    at Promise._settlePromiseFromHandler (https://www.tutorialspoint.com/__cypress/runner/cypress_runner.js:6849:31)\n    at Promise._settlePromise (https://www.tutorialspoint.com/__cypress/runner/cypress_runner.js:6906:18)\n    at Promise._settlePromise0 (https://www.tutorialspoint.com/__cypress/runner/cypress_runner.js:6951:10)\n    at Promise._settlePromises (https://www.tutorialspoint.com/__cypress/runner/cypress_runner.js:7027:18)\n    at _drainQueueStep (https://www.tutorialspoint.com/__cypress/runner/cypress_runner.js:3621:12)\n    at _drainQueue (https://www.tutorialspoint.com/__cypress/runner/cypress_runner.js:3614:9)\n    at ../../node_modules/bluebird/js/release/async.js.Async._drainQueues (https://www.tutorialspoint.com/__cypress/runner/cypress_runner.js:3630:5)\n    at Async.drainQueues (https://www.tutorialspoint.com/__cypress/runner/cypress_runner.js:3500:14)\nFrom Your Spec Code:\n    at Context.eval (webpack:///./cypress/e2e/Assignments/Assignment 4.1.cy.js:9:11)",
                "diff": null
              },
              "uuid": "8ff7e9ed-01c7-4dcf-89c4-65975023e144",
              "parentUUID": "868eea4f-d0c1-4b66-b2db-13d2426a40f5",
              "isHook": false,
              "skipped": false
            }
          ],
          "suites": [],
          "passes": [],
          "failures": [
            "8ff7e9ed-01c7-4dcf-89c4-65975023e144"
          ],
          "pending": [],
          "skipped": [],
          "duration": 120428,
          "root": false,
          "rootEmpty": false,
          "_timeout": 2000
        }
      ],
      "passes": [],
      "failures": [],
      "pending": [],
      "skipped": [],
      "duration": 0,
      "root": true,
      "rootEmpty": true,
      "_timeout": 2000
    }
  ],
  "meta": {
    "mocha": {
      "version": "7.0.1"
    },
    "mochawesome": {
      "options": {
        "quiet": false,
        "reportFilename": "mochawesome",
        "saveHtml": false,
        "saveJson": true,
        "consoleReporter": "spec",
        "useInlineDiffs": false,
        "code": true
      },
      "version": "7.1.3"
    },
    "marge": {
      "options": {
        "overwrite": false,
        "html": false,
        "json": true,
        "reportDir": "cypress/reports/html/.jsons"
      },
      "version": "6.2.0"
    }
  }
}