{
  "stats": {
    "suites": 1,
    "tests": 4,
    "passes": 3,
    "pending": 0,
    "failures": 1,
    "start": "2023-04-19T06:48:42.861Z",
    "end": "2023-04-19T06:49:02.861Z",
    "duration": 20000,
    "testsRegistered": 4,
    "passPercent": 75,
    "pendingPercent": 0,
    "other": 0,
    "hasOther": false,
    "skipped": 0,
    "hasSkipped": false
  },
  "results": [
    {
      "uuid": "f1563ff6-0b4f-4269-a327-bbdf7015b487",
      "title": "",
      "fullFile": "cypress/e2e/Assignments/Assignment2.cy.js",
      "file": "cypress/e2e/Assignments/Assignment2.cy.js",
      "beforeHooks": [],
      "afterHooks": [],
      "tests": [],
      "suites": [
        {
          "uuid": "085af36a-aae0-4f75-bb74-9d40c4d4e756",
          "title": "Goibibo",
          "fullFile": "",
          "file": "",
          "beforeHooks": [],
          "afterHooks": [],
          "tests": [
            {
              "title": "Verify Label on the Home page",
              "fullTitle": "Goibibo Verify Label on the Home page",
              "timedOut": null,
              "duration": 2367,
              "state": "passed",
              "speed": "fast",
              "pass": true,
              "fail": false,
              "pending": false,
              "context": null,
              "code": "cy.get('.sc-1gt8xf5-2.fbBmhE').should('have.text', \"Domestic and International Flights\");",
              "err": {},
              "uuid": "0bd4a108-0b7f-46b1-af47-89abe286dada",
              "parentUUID": "085af36a-aae0-4f75-bb74-9d40c4d4e756",
              "isHook": false,
              "skipped": false
            },
            {
              "title": "Flight booking ",
              "fullTitle": "Goibibo Flight booking ",
              "timedOut": null,
              "duration": 12511,
              "state": "failed",
              "speed": null,
              "pass": false,
              "fail": true,
              "pending": false,
              "context": "{\n  \"title\": \"cypress-mochawesome-reporter-screenshots\",\n  \"value\": [\n    [\n      {\n        \"title\": \"Failed screenshot\",\n        \"value\": \"/Assignment2.cy.js/Goibibo -- Flight booking (failed).png\"\n      }\n    ]\n  ]\n}",
              "code": "// cy.visit(\"https://www.goibibo.com/\")\ncy.viewport(1000, 660);\ncy.get('.sc-clIzBv.bhRlrM.fswWidgetLabel').eq(0).click({\n  force: true\n});\ncy.wait(7000);\ncy.get('[type=\"text\"]').type('Pune', {\n  force: true\n});\ncy.contains('Pune, India').click({\n  force: true\n});\ncy.get('.sc-gsNilK.dImRia').click({\n  force: true\n});\ncy.get('[type=\"text\"]').type('Mumbai', {\n  force: true\n});\ncy.contains('Mumbai, India').click({\n  force: true\n});\ncy.xpath('//div[@class=\"DayPicker-Month\"]/div[3]/div[3]/div[p=13]').click();\ncy.get(\"[class='fswFld__title']\").should(\"have.text\", \"13 Apr'23\");\ncy.get(\".sc-cvZCdy.iEJrkB\").click({\n  force: true\n});",
              "err": {
                "message": "CypressError: Timed out retrying after 4050ms: `cy.click()` failed because this element:\n\n`<div class=\"DayPicker-Day DayPicker-Day--disabled\" tabindex=\"-1\" role=\"gridcell\" aria-label=\"Thu Apr 13 2023\" aria-disabled=\"true\" aria-selected=\"false\">...</div>`\n\nhas CSS `pointer-events: none`\n\n`pointer-events: none` prevents user mouse interaction.\n\nFix this problem, or use {force: true} to disable error checking.\n\nhttps://on.cypress.io/element-cannot-be-interacted-with",
                "estack": "CypressError: Timed out retrying after 4050ms: `cy.click()` failed because this element:\n\n`<div class=\"DayPicker-Day DayPicker-Day--disabled\" tabindex=\"-1\" role=\"gridcell\" aria-label=\"Thu Apr 13 2023\" aria-disabled=\"true\" aria-selected=\"false\">...</div>`\n\nhas CSS `pointer-events: none`\n\n`pointer-events: none` prevents user mouse interaction.\n\nFix this problem, or use {force: true} to disable error checking.\n\nhttps://on.cypress.io/element-cannot-be-interacted-with\n    at ensureElDoesNotHaveCSS (https://www.goibibo.com/__cypress/runner/cypress_runner.js:130167:74)\n    at ensureDescendents (https://www.goibibo.com/__cypress/runner/cypress_runner.js:130275:5)\n    at ensureDescendentsAndScroll (https://www.goibibo.com/__cypress/runner/cypress_runner.js:130283:14)\n    at ensureElIsNotCovered (https://www.goibibo.com/__cypress/runner/cypress_runner.js:130414:5)\n    at runAllChecks (https://www.goibibo.com/__cypress/runner/cypress_runner.js:130594:52)\n    at retryActionability (https://www.goibibo.com/__cypress/runner/cypress_runner.js:130631:16)\n    at tryCatcher (https://www.goibibo.com/__cypress/runner/cypress_runner.js:8914:23)\n    at Promise.attempt.Promise.try (https://www.goibibo.com/__cypress/runner/cypress_runner.js:6188:29)\n    at whenStable (https://www.goibibo.com/__cypress/runner/cypress_runner.js:146732:65)\n    at <unknown> (https://www.goibibo.com/__cypress/runner/cypress_runner.js:146173:14)\n    at tryCatcher (https://www.goibibo.com/__cypress/runner/cypress_runner.js:8914:23)\n    at Promise._settlePromiseFromHandler (https://www.goibibo.com/__cypress/runner/cypress_runner.js:6849:31)\n    at Promise._settlePromise (https://www.goibibo.com/__cypress/runner/cypress_runner.js:6906:18)\n    at Promise._settlePromise0 (https://www.goibibo.com/__cypress/runner/cypress_runner.js:6951:10)\n    at Promise._settlePromises (https://www.goibibo.com/__cypress/runner/cypress_runner.js:7031:18)\n    at Promise._fulfill (https://www.goibibo.com/__cypress/runner/cypress_runner.js:6975:18)\n    at <unknown> (https://www.goibibo.com/__cypress/runner/cypress_runner.js:8589:46)\nFrom Your Spec Code:\n    at Context.eval (webpack:///./cypress/e2e/Assignments/Assignment2.cy.js:23:72)",
                "diff": null
              },
              "uuid": "df7e33e3-4732-47ed-88d1-7e0ae0158a3f",
              "parentUUID": "085af36a-aae0-4f75-bb74-9d40c4d4e756",
              "isHook": false,
              "skipped": false
            },
            {
              "title": "Verify Trains link is visible",
              "fullTitle": "Goibibo Verify Trains link is visible",
              "timedOut": null,
              "duration": 55,
              "state": "passed",
              "speed": "fast",
              "pass": true,
              "fail": false,
              "pending": false,
              "context": null,
              "code": "cy.xpath('//div[@id=\"root\"]//ul[@class=\"happy-nav\"]/li[3]').should('have.text', \"Trains\");",
              "err": {},
              "uuid": "59c19b67-ef3e-4b4a-807f-265aeda79abe",
              "parentUUID": "085af36a-aae0-4f75-bb74-9d40c4d4e756",
              "isHook": false,
              "skipped": false
            },
            {
              "title": "Verify Hotels button",
              "fullTitle": "Goibibo Verify Hotels button",
              "timedOut": null,
              "duration": 3086,
              "state": "passed",
              "speed": "fast",
              "pass": true,
              "fail": false,
              "pending": false,
              "context": null,
              "code": "//cy.xpath('//div[@id=\"root\"]//ul[@class=\"happy-nav\"]/li[1]').click()\ncy.xpath('//ul[@class=\"happy-nav\"]/li[2]').click();\ncy.get('.HomePagestyles__HomePageTitle-sc-s8m7jv-2.hEdjmN').should('have.text', 'Book Hotels & Homestays');\ncy.xpath('//div[@data-testid=\"search-radio-button-wrap\"]//input[@class=\"SearchBlockUIstyles__RadioButton-sc-fity7j-7 bnBFyA\"]').click();\ncy.get('#downshift-1-input').type('Shimla');\n//cy.xpath('//ul[@id=\"downshift-1-menu\"]/li[1]').click()",
              "err": {},
              "uuid": "ce2bc6c9-b7a8-4114-8ab8-91d9c10476b0",
              "parentUUID": "085af36a-aae0-4f75-bb74-9d40c4d4e756",
              "isHook": false,
              "skipped": false
            }
          ],
          "suites": [],
          "passes": [
            "0bd4a108-0b7f-46b1-af47-89abe286dada",
            "59c19b67-ef3e-4b4a-807f-265aeda79abe",
            "ce2bc6c9-b7a8-4114-8ab8-91d9c10476b0"
          ],
          "failures": [
            "df7e33e3-4732-47ed-88d1-7e0ae0158a3f"
          ],
          "pending": [],
          "skipped": [],
          "duration": 18019,
          "root": false,
          "rootEmpty": false,
          "_timeout": 2000
        }
      ],
      "passes": [],
      "failures": [],
      "pending": [],
      "skipped": [],
      "duration": 0,
      "root": true,
      "rootEmpty": true,
      "_timeout": 2000
    }
  ],
  "meta": {
    "mocha": {
      "version": "7.0.1"
    },
    "mochawesome": {
      "options": {
        "quiet": false,
        "reportFilename": "mochawesome",
        "saveHtml": false,
        "saveJson": true,
        "consoleReporter": "spec",
        "useInlineDiffs": false,
        "code": true
      },
      "version": "7.1.3"
    },
    "marge": {
      "options": {
        "overwrite": false,
        "html": false,
        "json": true,
        "reportDir": "cypress/reports/html/.jsons"
      },
      "version": "6.2.0"
    }
  }
}