{
  "stats": {
    "suites": 1,
    "tests": 1,
    "passes": 1,
    "pending": 0,
    "failures": 0,
    "start": "2023-04-19T06:46:19.950Z",
    "end": "2023-04-19T06:46:36.829Z",
    "duration": 16879,
    "testsRegistered": 1,
    "passPercent": 100,
    "pendingPercent": 0,
    "other": 0,
    "hasOther": false,
    "skipped": 0,
    "hasSkipped": false
  },
  "results": [
    {
      "uuid": "760439f5-db3e-4d7d-a3da-5dbad75fe1fe",
      "title": "",
      "fullFile": "cypress/e2e/Assignments/Assignment 4.3.cy.js",
      "file": "cypress/e2e/Assignments/Assignment 4.3.cy.js",
      "beforeHooks": [],
      "afterHooks": [],
      "tests": [],
      "suites": [
        {
          "uuid": "1bde0992-7c66-4d59-813a-bd19a60f4bf3",
          "title": "Assignment 4.3",
          "fullFile": "",
          "file": "",
          "beforeHooks": [],
          "afterHooks": [],
          "tests": [
            {
              "title": "Drag and Drop",
              "fullTitle": "Assignment 4.3 Drag and Drop",
              "timedOut": null,
              "duration": 13827,
              "state": "passed",
              "speed": "slow",
              "pass": true,
              "fail": false,
              "pending": false,
              "context": null,
              "code": "cy.visit('https://demoqa.com/droppable');\ncy.get('#draggable').drag('#simpleDropContainer > #droppable', {\n  force: true\n});",
              "err": {},
              "uuid": "d0fc4b4b-1223-454f-8314-ad6cac28faf3",
              "parentUUID": "1bde0992-7c66-4d59-813a-bd19a60f4bf3",
              "isHook": false,
              "skipped": false
            }
          ],
          "suites": [],
          "passes": [
            "d0fc4b4b-1223-454f-8314-ad6cac28faf3"
          ],
          "failures": [],
          "pending": [],
          "skipped": [],
          "duration": 13827,
          "root": false,
          "rootEmpty": false,
          "_timeout": 2000
        }
      ],
      "passes": [],
      "failures": [],
      "pending": [],
      "skipped": [],
      "duration": 0,
      "root": true,
      "rootEmpty": true,
      "_timeout": 2000
    }
  ],
  "meta": {
    "mocha": {
      "version": "7.0.1"
    },
    "mochawesome": {
      "options": {
        "quiet": false,
        "reportFilename": "mochawesome",
        "saveHtml": false,
        "saveJson": true,
        "consoleReporter": "spec",
        "useInlineDiffs": false,
        "code": true
      },
      "version": "7.1.3"
    },
    "marge": {
      "options": {
        "overwrite": false,
        "html": false,
        "json": true,
        "reportDir": "cypress/reports/html/.jsons"
      },
      "version": "6.2.0"
    }
  }
}