{
  "stats": {
    "suites": 1,
    "tests": 1,
    "passes": 1,
    "pending": 0,
    "failures": 0,
    "start": "2023-04-19T06:46:52.224Z",
    "end": "2023-04-19T06:47:03.113Z",
    "duration": 10889,
    "testsRegistered": 1,
    "passPercent": 100,
    "pendingPercent": 0,
    "other": 0,
    "hasOther": false,
    "skipped": 0,
    "hasSkipped": false
  },
  "results": [
    {
      "uuid": "7d3ce1e4-23f7-4913-b363-df27712f957e",
      "title": "",
      "fullFile": "cypress/e2e/Assignments/Assignment 6.1.cy.js",
      "file": "cypress/e2e/Assignments/Assignment 6.1.cy.js",
      "beforeHooks": [],
      "afterHooks": [],
      "tests": [],
      "suites": [
        {
          "uuid": "49eada86-a811-4578-86aa-cec7d2a7319a",
          "title": "Assignment 6.1",
          "fullFile": "",
          "file": "",
          "beforeHooks": [],
          "afterHooks": [],
          "tests": [
            {
              "title": "DatePicker",
              "fullTitle": "Assignment 6.1 DatePicker",
              "timedOut": null,
              "duration": 8526,
              "state": "passed",
              "speed": "medium",
              "pass": true,
              "fail": false,
              "pending": false,
              "context": null,
              "code": "cy.visit('https://www.goibibo.com/');\ncy.get('.sc-clIzBv.bhRlrM.fswWidgetLabel').eq(0).click({\n  force: true\n});\ncy.wait(1000);\ncy.get('[type=\"text\"]').type('Pune', {\n  force: true\n});\ncy.contains('Pune, India').click({\n  force: true\n});\ncy.get('.sc-gsNilK.dImRia').click({\n  force: true\n});\ncy.get('[type=\"text\"]').type('Mumbai', {\n  force: true\n});\ncy.contains('Mumbai, India').click({\n  force: true\n});\ncy.get(':nth-child(3) > .sc-gGCDDS > .sc-faUpoM').click({\n  force: true\n});\ncy.get(':nth-child(2) > .DayPicker-Caption > div').should('have.text', 'May 2023', {\n  force: true\n});\ncy.get('.DayPicker-NavButton--next').click({\n  force: true\n});\ncy.xpath('//div[@class=\"DayPicker-Month\"]/div[3]/div[2]/div[p=11]').click({\n  force: true\n});\ncy.get('.fswTrvl__done').click({\n  force: true\n});\ncy.wait(1000);\ncy.get(':nth-child(1) > .sc-jWUzzU > :nth-child(3)').click({\n  force: true\n});\ncy.xpath('//div[@class=\"sc-kYHfwS fxKxux\"]/ul/li[1]').click({\n  force: true\n});\ncy.get('.sc-gjNHFA.eqHvKO').click({\n  force: true\n});\n//cy.xpath('//div[@class=\"sc-ehCJOs dOUNaZ\"]/div[4]').click({force:true})\n//   cy.xpath('//div[@class=\"DayPicker-Caption\"]/div').should('have.text','June 2023')",
              "err": {},
              "uuid": "977af8f9-5d5a-4a86-aa75-a904731bca3c",
              "parentUUID": "49eada86-a811-4578-86aa-cec7d2a7319a",
              "isHook": false,
              "skipped": false
            }
          ],
          "suites": [],
          "passes": [
            "977af8f9-5d5a-4a86-aa75-a904731bca3c"
          ],
          "failures": [],
          "pending": [],
          "skipped": [],
          "duration": 8526,
          "root": false,
          "rootEmpty": false,
          "_timeout": 2000
        }
      ],
      "passes": [],
      "failures": [],
      "pending": [],
      "skipped": [],
      "duration": 0,
      "root": true,
      "rootEmpty": true,
      "_timeout": 2000
    }
  ],
  "meta": {
    "mocha": {
      "version": "7.0.1"
    },
    "mochawesome": {
      "options": {
        "quiet": false,
        "reportFilename": "mochawesome",
        "saveHtml": false,
        "saveJson": true,
        "consoleReporter": "spec",
        "useInlineDiffs": false,
        "code": true
      },
      "version": "7.1.3"
    },
    "marge": {
      "options": {
        "overwrite": false,
        "html": false,
        "json": true,
        "reportDir": "cypress/reports/html/.jsons"
      },
      "version": "6.2.0"
    }
  }
}