{
  "stats": {
    "suites": 1,
    "tests": 1,
    "passes": 1,
    "pending": 0,
    "failures": 0,
    "start": "2023-04-19T06:45:23.895Z",
    "end": "2023-04-19T06:46:13.008Z",
    "duration": 49113,
    "testsRegistered": 1,
    "passPercent": 100,
    "pendingPercent": 0,
    "other": 0,
    "hasOther": false,
    "skipped": 0,
    "hasSkipped": false
  },
  "results": [
    {
      "uuid": "cf979e55-a4f1-44e1-95f5-3aab0ad09aa3",
      "title": "",
      "fullFile": "cypress/e2e/Assignments/Assignment 4.2.cy.js",
      "file": "cypress/e2e/Assignments/Assignment 4.2.cy.js",
      "beforeHooks": [],
      "afterHooks": [],
      "tests": [],
      "suites": [
        {
          "uuid": "8da24c4c-b305-4558-bba6-0f8bd10decf5",
          "title": "Assignment 4.2",
          "fullFile": "",
          "file": "",
          "beforeHooks": [],
          "afterHooks": [],
          "tests": [
            {
              "title": "DatadrivenTest",
              "fullTitle": "Assignment 4.2 DatadrivenTest",
              "timedOut": null,
              "duration": 45104,
              "state": "passed",
              "speed": "slow",
              "pass": true,
              "fail": false,
              "pending": false,
              "context": null,
              "code": "cy.fixture('OrangeHRM2.json').then(data => {\n  cy.visit('https://opensource-demo.orangehrmlive.com/web/index.php/auth/login');\n  data.forEach(userdata => {\n    cy.get('[name=\"username\"]').type(userdata.username);\n    cy.get('[name=\"password\"]').type(userdata.password);\n    cy.get('[type=\"submit\"]').click();\n    if (userdata.username == 'Admin' && userdata.password == 'admin123') {\n      cy.get('.oxd-text.oxd-text--h6.oxd-topbar-header-breadcrumb-module').should('have.text', userdata.expected);\n      cy.get('.oxd-userdropdown-name').click();\n      cy.get(':nth-child(4) > .oxd-userdropdown-link').click();\n    } else {\n      cy.get('.oxd-text.oxd-text--p.oxd-alert-content-text').should('have.text', userdata.expected);\n    }\n  });\n});",
              "err": {},
              "uuid": "a94daeea-971f-4430-836c-b58f413a4ad7",
              "parentUUID": "8da24c4c-b305-4558-bba6-0f8bd10decf5",
              "isHook": false,
              "skipped": false
            }
          ],
          "suites": [],
          "passes": [
            "a94daeea-971f-4430-836c-b58f413a4ad7"
          ],
          "failures": [],
          "pending": [],
          "skipped": [],
          "duration": 45104,
          "root": false,
          "rootEmpty": false,
          "_timeout": 2000
        }
      ],
      "passes": [],
      "failures": [],
      "pending": [],
      "skipped": [],
      "duration": 0,
      "root": true,
      "rootEmpty": true,
      "_timeout": 2000
    }
  ],
  "meta": {
    "mocha": {
      "version": "7.0.1"
    },
    "mochawesome": {
      "options": {
        "quiet": false,
        "reportFilename": "mochawesome",
        "saveHtml": false,
        "saveJson": true,
        "consoleReporter": "spec",
        "useInlineDiffs": false,
        "code": true
      },
      "version": "7.1.3"
    },
    "marge": {
      "options": {
        "overwrite": false,
        "html": false,
        "json": true,
        "reportDir": "cypress/reports/html/.jsons"
      },
      "version": "6.2.0"
    }
  }
}