{
  "stats": {
    "suites": 1,
    "tests": 1,
    "passes": 1,
    "pending": 0,
    "failures": 0,
    "start": "2023-04-19T06:47:30.857Z",
    "end": "2023-04-19T06:47:55.112Z",
    "duration": 24255,
    "testsRegistered": 1,
    "passPercent": 100,
    "pendingPercent": 0,
    "other": 0,
    "hasOther": false,
    "skipped": 0,
    "hasSkipped": false
  },
  "results": [
    {
      "uuid": "1f3c5f28-c961-4e19-90e5-d085e2d25f95",
      "title": "",
      "fullFile": "cypress/e2e/Assignments/Assignment 6.3.cy.js",
      "file": "cypress/e2e/Assignments/Assignment 6.3.cy.js",
      "beforeHooks": [],
      "afterHooks": [],
      "tests": [],
      "suites": [
        {
          "uuid": "b8f46d0d-c9be-4ca0-972f-66e4188884de",
          "title": "Assignment 6.3",
          "fullFile": "",
          "file": "",
          "beforeHooks": [],
          "afterHooks": [],
          "tests": [
            {
              "title": "File Upload",
              "fullTitle": "Assignment 6.3 File Upload",
              "timedOut": null,
              "duration": 20514,
              "state": "passed",
              "speed": "slow",
              "pass": true,
              "fail": false,
              "pending": false,
              "context": null,
              "code": "cy.visit('https://ps.uci.edu/~franklin/doc/file_upload.html');\ncy.get('[name=\"userfile\"]').selectFile('../cypressdemo/cypress/fixtures/Test1.pdf');\ncy.get('[type=\"submit\"]').click();",
              "err": {},
              "uuid": "d63ee668-a585-463a-baf5-aac92e455482",
              "parentUUID": "b8f46d0d-c9be-4ca0-972f-66e4188884de",
              "isHook": false,
              "skipped": false
            }
          ],
          "suites": [],
          "passes": [
            "d63ee668-a585-463a-baf5-aac92e455482"
          ],
          "failures": [],
          "pending": [],
          "skipped": [],
          "duration": 20514,
          "root": false,
          "rootEmpty": false,
          "_timeout": 2000
        }
      ],
      "passes": [],
      "failures": [],
      "pending": [],
      "skipped": [],
      "duration": 0,
      "root": true,
      "rootEmpty": true,
      "_timeout": 2000
    }
  ],
  "meta": {
    "mocha": {
      "version": "7.0.1"
    },
    "mochawesome": {
      "options": {
        "quiet": false,
        "reportFilename": "mochawesome",
        "saveHtml": false,
        "saveJson": true,
        "consoleReporter": "spec",
        "useInlineDiffs": false,
        "code": true
      },
      "version": "7.1.3"
    },
    "marge": {
      "options": {
        "overwrite": false,
        "html": false,
        "json": true,
        "reportDir": "cypress/reports/html/.jsons"
      },
      "version": "6.2.0"
    }
  }
}