{
  "stats": {
    "suites": 1,
    "tests": 2,
    "passes": 1,
    "pending": 0,
    "failures": 1,
    "start": "2023-04-19T06:48:14.484Z",
    "end": "2023-04-19T06:48:37.998Z",
    "duration": 23514,
    "testsRegistered": 2,
    "passPercent": 50,
    "pendingPercent": 0,
    "other": 0,
    "hasOther": false,
    "skipped": 0,
    "hasSkipped": false
  },
  "results": [
    {
      "uuid": "5716db40-7325-4677-9025-7c43ca4771dc",
      "title": "",
      "fullFile": "cypress/e2e/Assignments/Assignment1.cy.js",
      "file": "cypress/e2e/Assignments/Assignment1.cy.js",
      "beforeHooks": [],
      "afterHooks": [],
      "tests": [],
      "suites": [
        {
          "uuid": "6358e3ef-b6c6-477b-b10f-c81c01553b63",
          "title": "Lastmile Automation",
          "fullFile": "",
          "file": "",
          "beforeHooks": [],
          "afterHooks": [],
          "tests": [
            {
              "title": "Login Form",
              "fullTitle": "Lastmile Automation Login Form",
              "timedOut": null,
              "duration": 12873,
              "state": "passed",
              "speed": "slow",
              "pass": true,
              "fail": false,
              "pending": false,
              "context": null,
              "code": "//Login to Application\ncy.visit('https://stage.radius-sc.com/admin/login');\ncy.get('#spree_user_email').type('mahesh.yambal@joshsoftware.com');\ncy.get('#spree_user_password').type('1234567890');\ncy.get('.btn.btn-primary').click();\ncy.get('.header-actions.page-actions.inline-menu').should('be.visible');\n//Create New User",
              "err": {},
              "uuid": "5a45d6f7-189a-4124-b5ff-b661ed96a782",
              "parentUUID": "6358e3ef-b6c6-477b-b10f-c81c01553b63",
              "isHook": false,
              "skipped": false
            },
            {
              "title": "Create User",
              "fullTitle": "Lastmile Automation Create User",
              "timedOut": null,
              "duration": 6005,
              "state": "failed",
              "speed": null,
              "pass": false,
              "fail": true,
              "pending": false,
              "context": "{\n  \"title\": \"cypress-mochawesome-reporter-screenshots\",\n  \"value\": [\n    [\n      {\n        \"title\": \"Failed screenshot\",\n        \"value\": \"/Assignment1.cy.js/Lastmile Automation -- Create User (failed).png\"\n      }\n    ]\n  ]\n}",
              "code": "cy.get('.fa.fa-user.icon_link.with-tip').click(); //Click on Users Link\ncy.get('#admin_new_user_link').click(); //Click on 'Add New User' Link\ncy.get('#user_email').type('Salesperson101@josh.com'); //Enter Email ID of user\ncy.get('#user_kiosk_name').type('Happy Snacks Centre'); //Enter Kiosk Name\ncy.get('#user_first_name').type('Deepak'); // Enter First Name of User\ncy.get('#user_last_name').type('Chahar'); //Enter Last Name of the user\ncy.get('#user_phone_number').type('5134174712'); //Enter Phone number of the user\ncy.get('#user_country_code').type('+91');\ncy.get('#user_spree_role_sales_person').check(); //Select role for the new user\ncy.get('#user_spree_stock_locations_Warehouse').check();\ncy.get('#user_password').type('1234567890'); // Set the Password\ncy.get('#user_password_confirmation').type('1234567890'); //Retype same password for the Confirmation\ncy.wait(4000);\ncy.contains('Cancel').click();\ncy.wait(2000);",
              "err": {
                "message": "AssertionError: Timed out retrying after 4000ms: Expected to find element: `#user_kiosk_name`, but never found it.",
                "estack": "AssertionError: Timed out retrying after 4000ms: Expected to find element: `#user_kiosk_name`, but never found it.\n    at Context.eval (webpack:///./cypress/e2e/Assignments/Assignment1.cy.js:18:11)",
                "diff": null
              },
              "uuid": "041bc8dd-541e-43f9-aead-caf6966f3602",
              "parentUUID": "6358e3ef-b6c6-477b-b10f-c81c01553b63",
              "isHook": false,
              "skipped": false
            }
          ],
          "suites": [],
          "passes": [
            "5a45d6f7-189a-4124-b5ff-b661ed96a782"
          ],
          "failures": [
            "041bc8dd-541e-43f9-aead-caf6966f3602"
          ],
          "pending": [],
          "skipped": [],
          "duration": 18878,
          "root": false,
          "rootEmpty": false,
          "_timeout": 2000
        }
      ],
      "passes": [],
      "failures": [],
      "pending": [],
      "skipped": [],
      "duration": 0,
      "root": true,
      "rootEmpty": true,
      "_timeout": 2000
    }
  ],
  "meta": {
    "mocha": {
      "version": "7.0.1"
    },
    "mochawesome": {
      "options": {
        "quiet": false,
        "reportFilename": "mochawesome",
        "saveHtml": false,
        "saveJson": true,
        "consoleReporter": "spec",
        "useInlineDiffs": false,
        "code": true
      },
      "version": "7.1.3"
    },
    "marge": {
      "options": {
        "overwrite": false,
        "html": false,
        "json": true,
        "reportDir": "cypress/reports/html/.jsons"
      },
      "version": "6.2.0"
    }
  }
}